# JRE version: OpenJDK Runtime Environment (8.0_152-b01) (build 1.8.0_152-release-1343-b01)
# Java VM: OpenJDK 64-Bit Server VM (25.152-b01 mixed mode windows-amd64 compressed oops)
Heap:
 PSYoungGen      total 151552K, used 33496K [0x00000000e0000000, 0x00000000eae00000, 0x0000000100000000)
  eden space 144384K, 18% used [0x00000000e0000000,0x00000000e1a220c0,0x00000000e8d00000)
  from space 7168K, 93% used [0x00000000e9400000,0x00000000e9a94030,0x00000000e9b00000)
  to   space 15360K, 0% used [0x00000000e9f00000,0x00000000e9f00000,0x00000000eae00000)
 ParOldGen       total 87552K, used 47707K [0x00000000a0000000, 0x00000000a5580000, 0x00000000e0000000)
  object space 87552K, 54% used [0x00000000a0000000,0x00000000a2e96fd8,0x00000000a5580000)
 Metaspace       used 76249K, capacity 81904K, committed 82200K, reserved 1120256K
  class space    used 9975K, capacity 10974K, committed 11048K, reserved 1048576K
GC Heap History (10 events):
Event: 3122.681 GC heap before
{Heap before GC invocations=30 (full 3):
 PSYoungGen      total 184832K, used 184332K [0x00000000e0000000, 0x00000000ecf00000, 0x0000000100000000)
  eden space 173568K, 99% used [0x00000000e0000000,0x00000000ea977210,0x00000000ea980000)
  from space 11264K, 95% used [0x00000000ec400000,0x00000000ece8c070,0x00000000ecf00000)
  to   space 15872K, 0% used [0x00000000eb000000,0x00000000eb000000,0x00000000ebf80000)
 ParOldGen       total 87552K, used 41095K [0x00000000a0000000, 0x00000000a5580000, 0x00000000e0000000)
  object space 87552K, 46% used [0x00000000a0000000,0x00000000a2821db8,0x00000000a5580000)
 Metaspace       used 75556K, capacity 80742K, committed 81048K, reserved 1120256K
  class space    used 9894K, capacity 10825K, committed 10920K, reserved 1048576K
Event: 3122.802 GC heap after
Heap after GC invocations=30 (full 3):
 PSYoungGen      total 179712K, used 12614K [0x00000000e0000000, 0x00000000ec480000, 0x0000000100000000)
  eden space 166912K, 0% used [0x00000000e0000000,0x00000000e0000000,0x00000000ea300000)
  from space 12800K, 98% used [0x00000000eb000000,0x00000000ebc51800,0x00000000ebc80000)
  to   space 8192K, 0% used [0x00000000ebc80000,0x00000000ebc80000,0x00000000ec480000)
 ParOldGen       total 87552K, used 41103K [0x00000000a0000000, 0x00000000a5580000, 0x00000000e0000000)
  object space 87552K, 46% used [0x00000000a0000000,0x00000000a2823db8,0x00000000a5580000)
 Metaspace       used 75556K, capacity 80742K, committed 81048K, reserved 1120256K
  class space    used 9894K, capacity 10825K, committed 10920K, reserved 1048576K
}
Event: 3427.874 GC heap before
{Heap before GC invocations=31 (full 3):
 PSYoungGen      total 179712K, used 179526K [0x00000000e0000000, 0x00000000ec480000, 0x0000000100000000)
  eden space 166912K, 100% used [0x00000000e0000000,0x00000000ea300000,0x00000000ea300000)
  from space 12800K, 98% used [0x00000000eb000000,0x00000000ebc51800,0x00000000ebc80000)
  to   space 8192K, 0% used [0x00000000ebc80000,0x00000000ebc80000,0x00000000ec480000)
 ParOldGen       total 87552K, used 41103K [0x00000000a0000000, 0x00000000a5580000, 0x00000000e0000000)
  object space 87552K, 46% used [0x00000000a0000000,0x00000000a2823db8,0x00000000a5580000)
 Metaspace       used 76020K, capacity 81654K, committed 81944K, reserved 1120256K
  class space    used 9970K, capacity 10965K, committed 11048K, reserved 1048576K
Event: 3427.988 GC heap after
Heap after GC invocations=31 (full 3):
 PSYoungGen      total 168960K, used 8176K [0x00000000e0000000, 0x00000000ec480000, 0x0000000100000000)
  eden space 160768K, 0% used [0x00000000e0000000,0x00000000e0000000,0x00000000e9d00000)
  from space 8192K, 99% used [0x00000000ebc80000,0x00000000ec47c050,0x00000000ec480000)
  to   space 15872K, 0% used [0x00000000ea580000,0x00000000ea580000,0x00000000eb500000)
 ParOldGen       total 87552K, used 42343K [0x00000000a0000000, 0x00000000a5580000, 0x00000000e0000000)
  object space 87552K, 48% used [0x00000000a0000000,0x00000000a2959e98,0x00000000a5580000)
 Metaspace       used 76020K, capacity 81654K, committed 81944K, reserved 1120256K
  class space    used 9970K, capacity 10965K, committed 11048K, reserved 1048576K
}
Event: 3605.748 GC heap before
{Heap before GC invocations=32 (full 3):
 PSYoungGen      total 168960K, used 168944K [0x00000000e0000000, 0x00000000ec480000, 0x0000000100000000)
  eden space 160768K, 100% used [0x00000000e0000000,0x00000000e9d00000,0x00000000e9d00000)
  from space 8192K, 99% used [0x00000000ebc80000,0x00000000ec47c050,0x00000000ec480000)
  to   space 15872K, 0% used [0x00000000ea580000,0x00000000ea580000,0x00000000eb500000)
 ParOldGen       total 87552K, used 42343K [0x00000000a0000000, 0x00000000a5580000, 0x00000000e0000000)
  object space 87552K, 48% used [0x00000000a0000000,0x00000000a2959e98,0x00000000a5580000)
 Metaspace       used 76130K, capacity 81904K, committed 82200K, reserved 1120256K
  class space    used 9975K, capacity 10974K, committed 11048K, reserved 1048576K
Event: 3605.785 GC heap after
Heap after GC invocations=32 (full 3):
 PSYoungGen      total 160768K, used 5136K [0x00000000e0000000, 0x00000000ebd00000, 0x0000000100000000)
  eden space 155136K, 0% used [0x00000000e0000000,0x00000000e0000000,0x00000000e9780000)
  from space 5632K, 91% used [0x00000000ea580000,0x00000000eaa84030,0x00000000eab00000)
  to   space 15872K, 0% used [0x00000000ead80000,0x00000000ead80000,0x00000000ebd00000)
 ParOldGen       total 87552K, used 47691K [0x00000000a0000000, 0x00000000a5580000, 0x00000000e0000000)
  object space 87552K, 54% used [0x00000000a0000000,0x00000000a2e92fd8,0x00000000a5580000)
 Metaspace       used 76130K, capacity 81904K, committed 82200K, reserved 1120256K
  class space    used 9975K, capacity 10974K, committed 11048K, reserved 1048576K
}
Event: 4118.479 GC heap before
{Heap before GC invocations=33 (full 3):
 PSYoungGen      total 160768K, used 160272K [0x00000000e0000000, 0x00000000ebd00000, 0x0000000100000000)
  eden space 155136K, 100% used [0x00000000e0000000,0x00000000e9780000,0x00000000e9780000)
  from space 5632K, 91% used [0x00000000ea580000,0x00000000eaa84030,0x00000000eab00000)
  to   space 15872K, 0% used [0x00000000ead80000,0x00000000ead80000,0x00000000ebd00000)
 ParOldGen       total 87552K, used 47691K [0x00000000a0000000, 0x00000000a5580000, 0x00000000e0000000)
  object space 87552K, 54% used [0x00000000a0000000,0x00000000a2e92fd8,0x00000000a5580000)
 Metaspace       used 76208K, capacity 81904K, committed 82200K, reserved 1120256K
  class space    used 9975K, capacity 10974K, committed 11048K, reserved 1048576K
Event: 4118.538 GC heap after
Heap after GC invocations=33 (full 3):
 PSYoungGen      total 155136K, used 5472K [0x00000000e0000000, 0x00000000eb300000, 0x0000000100000000)
  eden space 149504K, 0% used [0x00000000e0000000,0x00000000e0000000,0x00000000e9200000)
  from space 5632K, 97% used [0x00000000ead80000,0x00000000eb2d8020,0x00000000eb300000)
  to   space 15872K, 0% used [0x00000000e9400000,0x00000000e9400000,0x00000000ea380000)
 ParOldGen       total 87552K, used 47699K [0x00000000a0000000, 0x00000000a5580000, 0x00000000e0000000)
  object space 87552K, 54% used [0x00000000a0000000,0x00000000a2e94fd8,0x00000000a5580000)
 Metaspace       used 76208K, capacity 81904K, committed 82200K, reserved 1120256K
  class space    used 9975K, capacity 10974K, committed 11048K, reserved 1048576K
}
Event: 4166.475 GC heap before
{Heap before GC invocations=34 (full 3):
 PSYoungGen      total 155136K, used 154976K [0x00000000e0000000, 0x00000000eb300000, 0x0000000100000000)
  eden space 149504K, 100% used [0x00000000e0000000,0x00000000e9200000,0x00000000e9200000)
  from space 5632K, 97% used [0x00000000ead80000,0x00000000eb2d8020,0x00000000eb300000)
  to   space 15872K, 0% used [0x00000000e9400000,0x00000000e9400000,0x00000000ea380000)
 ParOldGen       total 87552K, used 47699K [0x00000000a0000000, 0x00000000a5580000, 0x00000000e0000000)
  object space 87552K, 54% used [0x00000000a0000000,0x00000000a2e94fd8,0x00000000a5580000)
 Metaspace       used 76243K, capacity 81904K, committed 82200K, reserved 1120256K
  class space    used 9975K, capacity 10974K, committed 11048K, reserved 1048576K
Event: 4166.498 GC heap after
Heap after GC invocations=34 (full 3):
 PSYoungGen      total 151552K, used 6736K [0x00000000e0000000, 0x00000000eae00000, 0x0000000100000000)
  eden space 144384K, 0% used [0x00000000e0000000,0x00000000e0000000,0x00000000e8d00000)
  from space 7168K, 93% used [0x00000000e9400000,0x00000000e9a94030,0x00000000e9b00000)
  to   space 15360K, 0% used [0x00000000e9f00000,0x00000000e9f00000,0x00000000eae00000)
 ParOldGen       total 87552K, used 47707K [0x00000000a0000000, 0x00000000a5580000, 0x00000000e0000000)
  object space 87552K, 54% used [0x00000000a0000000,0x00000000a2e96fd8,0x00000000a5580000)
 Metaspace       used 76243K, capacity 81904K, committed 82200K, reserved 1120256K
  class space    used 9975K, capacity 10974K, committed 11048K, reserved 1048576K
}

