# JRE version: OpenJDK Runtime Environment (8.0_152-b01) (build 1.8.0_152-release-1343-b01)
# Java VM: OpenJDK 64-Bit Server VM (25.152-b01 mixed mode windows-amd64 compressed oops)
Heap:
 PSYoungGen      total 110592K, used 110512K [0x00000000e0000000, 0x00000000e7c00000, 0x0000000100000000)
  eden space 100864K, 100% used [0x00000000e0000000,0x00000000e6280000,0x00000000e6280000)
  from space 9728K, 99% used [0x00000000e6a00000,0x00000000e736c010,0x00000000e7380000)
  to   space 8704K, 99% used [0x00000000e7380000,0x00000000e7bf8d38,0x00000000e7c00000)
 ParOldGen       total 94208K, used 56776K [0x00000000a0000000, 0x00000000a5c00000, 0x00000000e0000000)
  object space 94208K, 60% used [0x00000000a0000000,0x00000000a3772268,0x00000000a5c00000)
 Metaspace       used 77101K, capacity 82854K, committed 82968K, reserved 1122304K
  class space    used 10011K, capacity 10995K, committed 11048K, reserved 1048576K
GC Heap History (10 events):
Event: 7180.346 GC heap after
Heap after GC invocations=40 (full 3):
 PSYoungGen      total 124928K, used 10314K [0x00000000e0000000, 0x00000000e8980000, 0x0000000100000000)
  eden space 114176K, 0% used [0x00000000e0000000,0x00000000e0000000,0x00000000e6f80000)
  from space 10752K, 95% used [0x00000000e7980000,0x00000000e8392910,0x00000000e8400000)
  to   space 5632K, 0% used [0x00000000e8400000,0x00000000e8400000,0x00000000e8980000)
 ParOldGen       total 94208K, used 48438K [0x00000000a0000000, 0x00000000a5c00000, 0x00000000e0000000)
  object space 94208K, 51% used [0x00000000a0000000,0x00000000a2f4d838,0x00000000a5c00000)
 Metaspace       used 76785K, capacity 82488K, committed 82712K, reserved 1120256K
  class space    used 9980K, capacity 10970K, committed 11048K, reserved 1048576K
}
Event: 9153.905 GC heap before
{Heap before GC invocations=41 (full 3):
 PSYoungGen      total 124928K, used 124490K [0x00000000e0000000, 0x00000000e8980000, 0x0000000100000000)
  eden space 114176K, 100% used [0x00000000e0000000,0x00000000e6f80000,0x00000000e6f80000)
  from space 10752K, 95% used [0x00000000e7980000,0x00000000e8392910,0x00000000e8400000)
  to   space 5632K, 0% used [0x00000000e8400000,0x00000000e8400000,0x00000000e8980000)
 ParOldGen       total 94208K, used 48438K [0x00000000a0000000, 0x00000000a5c00000, 0x00000000e0000000)
  object space 94208K, 51% used [0x00000000a0000000,0x00000000a2f4d838,0x00000000a5c00000)
 Metaspace       used 76838K, capacity 82628K, committed 82712K, reserved 1120256K
  class space    used 9982K, capacity 10970K, committed 11048K, reserved 1048576K
Event: 9154.008 GC heap after
Heap after GC invocations=41 (full 3):
 PSYoungGen      total 116224K, used 5616K [0x00000000e0000000, 0x00000000e8980000, 0x0000000100000000)
  eden space 110592K, 0% used [0x00000000e0000000,0x00000000e0000000,0x00000000e6c00000)
  from space 5632K, 99% used [0x00000000e8400000,0x00000000e897c010,0x00000000e8980000)
  to   space 12288K, 0% used [0x00000000e7180000,0x00000000e7180000,0x00000000e7d80000)
 ParOldGen       total 94208K, used 51894K [0x00000000a0000000, 0x00000000a5c00000, 0x00000000e0000000)
  object space 94208K, 55% used [0x00000000a0000000,0x00000000a32ada28,0x00000000a5c00000)
 Metaspace       used 76838K, capacity 82628K, committed 82712K, reserved 1120256K
  class space    used 9982K, capacity 10970K, committed 11048K, reserved 1048576K
}
Event: 9557.916 GC heap before
{Heap before GC invocations=42 (full 3):
 PSYoungGen      total 116224K, used 116208K [0x00000000e0000000, 0x00000000e8980000, 0x0000000100000000)
  eden space 110592K, 100% used [0x00000000e0000000,0x00000000e6c00000,0x00000000e6c00000)
  from space 5632K, 99% used [0x00000000e8400000,0x00000000e897c010,0x00000000e8980000)
  to   space 12288K, 0% used [0x00000000e7180000,0x00000000e7180000,0x00000000e7d80000)
 ParOldGen       total 94208K, used 51894K [0x00000000a0000000, 0x00000000a5c00000, 0x00000000e0000000)
  object space 94208K, 55% used [0x00000000a0000000,0x00000000a32ada28,0x00000000a5c00000)
 Metaspace       used 76871K, capacity 82632K, committed 82712K, reserved 1120256K
  class space    used 9982K, capacity 10970K, committed 11048K, reserved 1048576K
Event: 9557.964 GC heap after
Heap after GC invocations=42 (full 3):
 PSYoungGen      total 117248K, used 9808K [0x00000000e0000000, 0x00000000e8480000, 0x0000000100000000)
  eden space 107008K, 0% used [0x00000000e0000000,0x00000000e0000000,0x00000000e6880000)
  from space 10240K, 95% used [0x00000000e7180000,0x00000000e7b14010,0x00000000e7b80000)
  to   space 9216K, 0% used [0x00000000e7b80000,0x00000000e7b80000,0x00000000e8480000)
 ParOldGen       total 94208K, used 51942K [0x00000000a0000000, 0x00000000a5c00000, 0x00000000e0000000)
  object space 94208K, 55% used [0x00000000a0000000,0x00000000a32b9a28,0x00000000a5c00000)
 Metaspace       used 76871K, capacity 82632K, committed 82712K, reserved 1120256K
  class space    used 9982K, capacity 10970K, committed 11048K, reserved 1048576K
}
Event: 13836.018 GC heap before
{Heap before GC invocations=43 (full 3):
 PSYoungGen      total 117248K, used 116816K [0x00000000e0000000, 0x00000000e8480000, 0x0000000100000000)
  eden space 107008K, 100% used [0x00000000e0000000,0x00000000e6880000,0x00000000e6880000)
  from space 10240K, 95% used [0x00000000e7180000,0x00000000e7b14010,0x00000000e7b80000)
  to   space 9216K, 0% used [0x00000000e7b80000,0x00000000e7b80000,0x00000000e8480000)
 ParOldGen       total 94208K, used 51942K [0x00000000a0000000, 0x00000000a5c00000, 0x00000000e0000000)
  object space 94208K, 55% used [0x00000000a0000000,0x00000000a32b9a28,0x00000000a5c00000)
 Metaspace       used 76883K, capacity 82632K, committed 82712K, reserved 1120256K
  class space    used 9982K, capacity 10970K, committed 11048K, reserved 1048576K
Event: 13836.237 GC heap after
Heap after GC invocations=43 (full 3):
 PSYoungGen      total 110592K, used 6240K [0x00000000e0000000, 0x00000000e8200000, 0x0000000100000000)
  eden space 103936K, 0% used [0x00000000e0000000,0x00000000e0000000,0x00000000e6580000)
  from space 6656K, 93% used [0x00000000e7b80000,0x00000000e8198000,0x00000000e8200000)
  to   space 12288K, 0% used [0x00000000e6a00000,0x00000000e6a00000,0x00000000e7600000)
 ParOldGen       total 94208K, used 51950K [0x00000000a0000000, 0x00000000a5c00000, 0x00000000e0000000)
  object space 94208K, 55% used [0x00000000a0000000,0x00000000a32bba28,0x00000000a5c00000)
 Metaspace       used 76883K, capacity 82632K, committed 82712K, reserved 1120256K
  class space    used 9982K, capacity 10970K, committed 11048K, reserved 1048576K
}
Event: 14471.823 GC heap before
{Heap before GC invocations=44 (full 3):
 PSYoungGen      total 110592K, used 110176K [0x00000000e0000000, 0x00000000e8200000, 0x0000000100000000)
  eden space 103936K, 100% used [0x00000000e0000000,0x00000000e6580000,0x00000000e6580000)
  from space 6656K, 93% used [0x00000000e7b80000,0x00000000e8198000,0x00000000e8200000)
  to   space 12288K, 0% used [0x00000000e6a00000,0x00000000e6a00000,0x00000000e7600000)
 ParOldGen       total 94208K, used 51950K [0x00000000a0000000, 0x00000000a5c00000, 0x00000000e0000000)
  object space 94208K, 55% used [0x00000000a0000000,0x00000000a32bba28,0x00000000a5c00000)
 Metaspace       used 77078K, capacity 82850K, committed 82968K, reserved 1122304K
  class space    used 10011K, capacity 10995K, committed 11048K, reserved 1048576K
Event: 14471.973 GC heap after
Heap after GC invocations=44 (full 3):
 PSYoungGen      total 110592K, used 9648K [0x00000000e0000000, 0x00000000e7c00000, 0x0000000100000000)
  eden space 100864K, 0% used [0x00000000e0000000,0x00000000e0000000,0x00000000e6280000)
  from space 9728K, 99% used [0x00000000e6a00000,0x00000000e736c010,0x00000000e7380000)
  to   space 8704K, 0% used [0x00000000e7380000,0x00000000e7380000,0x00000000e7c00000)
 ParOldGen       total 94208K, used 51974K [0x00000000a0000000, 0x00000000a5c00000, 0x00000000e0000000)
  object space 94208K, 55% used [0x00000000a0000000,0x00000000a32c1a28,0x00000000a5c00000)
 Metaspace       used 77078K, capacity 82850K, committed 82968K, reserved 1122304K
  class space    used 10011K, capacity 10995K, committed 11048K, reserved 1048576K
}
Event: 14638.903 GC heap before
{Heap before GC invocations=45 (full 3):
 PSYoungGen      total 110592K, used 110512K [0x00000000e0000000, 0x00000000e7c00000, 0x0000000100000000)
  eden space 100864K, 100% used [0x00000000e0000000,0x00000000e6280000,0x00000000e6280000)
  from space 9728K, 99% used [0x00000000e6a00000,0x00000000e736c010,0x00000000e7380000)
  to   space 8704K, 0% used [0x00000000e7380000,0x00000000e7380000,0x00000000e7c00000)
 ParOldGen       total 94208K, used 51974K [0x00000000a0000000, 0x00000000a5c00000, 0x00000000e0000000)
  object space 94208K, 55% used [0x00000000a0000000,0x00000000a32c1a28,0x00000000a5c00000)
 Metaspace       used 77101K, capacity 82854K, committed 82968K, reserved 1122304K
  class space    used 10011K, capacity 10995K, committed 11048K, reserved 1048576K

