# JRE version: OpenJDK Runtime Environment (8.0_152-b01) (build 1.8.0_152-release-1343-b01)
# Java VM: OpenJDK 64-Bit Server VM (25.152-b01 mixed mode windows-amd64 compressed oops)
Heap:
 PSYoungGen      total 122368K, used 31951K [0x00000000e0000000, 0x00000000e9600000, 0x0000000100000000)
  eden space 111616K, 19% used [0x00000000e0000000,0x00000000e14bb700,0x00000000e6d00000)
  from space 10752K, 99% used [0x00000000e6d00000,0x00000000e7778538,0x00000000e7780000)
  to   space 10240K, 0% used [0x00000000e7780000,0x00000000e7780000,0x00000000e8180000)
 ParOldGen       total 70144K, used 21228K [0x00000000a0000000, 0x00000000a4480000, 0x00000000e0000000)
  object space 70144K, 30% used [0x00000000a0000000,0x00000000a14bb098,0x00000000a4480000)
 Metaspace       used 46829K, capacity 47844K, committed 48168K, reserved 1091584K
  class space    used 6354K, capacity 6690K, committed 6696K, reserved 1048576K
GC Heap History (10 events):
Event: 7.420 GC heap before
{Heap before GC invocations=9 (full 1):
 PSYoungGen      total 56832K, used 48640K [0x00000000e0000000, 0x00000000e7000000, 0x0000000100000000)
  eden space 48640K, 100% used [0x00000000e0000000,0x00000000e2f80000,0x00000000e2f80000)
  from space 8192K, 0% used [0x00000000e2f80000,0x00000000e2f80000,0x00000000e3780000)
  to   space 8704K, 0% used [0x00000000e6780000,0x00000000e6780000,0x00000000e7000000)
 ParOldGen       total 45568K, used 9112K [0x00000000a0000000, 0x00000000a2c80000, 0x00000000e0000000)
  object space 45568K, 19% used [0x00000000a0000000,0x00000000a08e6298,0x00000000a2c80000)
 Metaspace       used 26679K, capacity 27152K, committed 27392K, reserved 1073152K
  class space    used 3603K, capacity 3774K, committed 3840K, reserved 1048576K
Event: 7.434 GC heap after
Heap after GC invocations=9 (full 1):
 PSYoungGen      total 87040K, used 5681K [0x00000000e0000000, 0x00000000e6d80000, 0x0000000100000000)
  eden space 80896K, 0% used [0x00000000e0000000,0x00000000e0000000,0x00000000e4f00000)
  from space 6144K, 92% used [0x00000000e6780000,0x00000000e6d0c6e8,0x00000000e6d80000)
  to   space 8192K, 0% used [0x00000000e5d80000,0x00000000e5d80000,0x00000000e6580000)
 ParOldGen       total 45568K, used 9120K [0x00000000a0000000, 0x00000000a2c80000, 0x00000000e0000000)
  object space 45568K, 20% used [0x00000000a0000000,0x00000000a08e8298,0x00000000a2c80000)
 Metaspace       used 26679K, capacity 27152K, committed 27392K, reserved 1073152K
  class space    used 3603K, capacity 3774K, committed 3840K, reserved 1048576K
}
Event: 9.409 GC heap before
{Heap before GC invocations=10 (full 1):
 PSYoungGen      total 87040K, used 86577K [0x00000000e0000000, 0x00000000e6d80000, 0x0000000100000000)
  eden space 80896K, 100% used [0x00000000e0000000,0x00000000e4f00000,0x00000000e4f00000)
  from space 6144K, 92% used [0x00000000e6780000,0x00000000e6d0c6e8,0x00000000e6d80000)
  to   space 8192K, 0% used [0x00000000e5d80000,0x00000000e5d80000,0x00000000e6580000)
 ParOldGen       total 45568K, used 9120K [0x00000000a0000000, 0x00000000a2c80000, 0x00000000e0000000)
  object space 45568K, 20% used [0x00000000a0000000,0x00000000a08e8298,0x00000000a2c80000)
 Metaspace       used 32354K, capacity 32940K, committed 33152K, reserved 1077248K
  class space    used 4456K, capacity 4646K, committed 4736K, reserved 1048576K
Event: 9.433 GC heap after
Heap after GC invocations=10 (full 1):
 PSYoungGen      total 103936K, used 8164K [0x00000000e0000000, 0x00000000e8180000, 0x0000000100000000)
  eden space 95744K, 0% used [0x00000000e0000000,0x00000000e0000000,0x00000000e5d80000)
  from space 8192K, 99% used [0x00000000e5d80000,0x00000000e65793f0,0x00000000e6580000)
  to   space 10240K, 0% used [0x00000000e7780000,0x00000000e7780000,0x00000000e8180000)
 ParOldGen       total 45568K, used 11740K [0x00000000a0000000, 0x00000000a2c80000, 0x00000000e0000000)
  object space 45568K, 25% used [0x00000000a0000000,0x00000000a0b77200,0x00000000a2c80000)
 Metaspace       used 32354K, capacity 32940K, committed 33152K, reserved 1077248K
  class space    used 4456K, capacity 4646K, committed 4736K, reserved 1048576K
}
Event: 11.091 GC heap before
{Heap before GC invocations=11 (full 1):
 PSYoungGen      total 103936K, used 59253K [0x00000000e0000000, 0x00000000e8180000, 0x0000000100000000)
  eden space 95744K, 53% used [0x00000000e0000000,0x00000000e31e42c0,0x00000000e5d80000)
  from space 8192K, 99% used [0x00000000e5d80000,0x00000000e65793f0,0x00000000e6580000)
  to   space 10240K, 0% used [0x00000000e7780000,0x00000000e7780000,0x00000000e8180000)
 ParOldGen       total 45568K, used 11740K [0x00000000a0000000, 0x00000000a2c80000, 0x00000000e0000000)
  object space 45568K, 25% used [0x00000000a0000000,0x00000000a0b77200,0x00000000a2c80000)
 Metaspace       used 34662K, capacity 35396K, committed 35496K, reserved 1079296K
  class space    used 4778K, capacity 5002K, committed 5032K, reserved 1048576K
Event: 11.111 GC heap after
Heap after GC invocations=11 (full 1):
 PSYoungGen      total 121856K, used 7711K [0x00000000e0000000, 0x00000000e9600000, 0x0000000100000000)
  eden space 111616K, 0% used [0x00000000e0000000,0x00000000e0000000,0x00000000e6d00000)
  from space 10240K, 75% used [0x00000000e7780000,0x00000000e7f07de8,0x00000000e8180000)
  to   space 10752K, 0% used [0x00000000e6d00000,0x00000000e6d00000,0x00000000e7780000)
 ParOldGen       total 45568K, used 14321K [0x00000000a0000000, 0x00000000a2c80000, 0x00000000e0000000)
  object space 45568K, 31% used [0x00000000a0000000,0x00000000a0dfc668,0x00000000a2c80000)
 Metaspace       used 34662K, capacity 35396K, committed 35496K, reserved 1079296K
  class space    used 4778K, capacity 5002K, committed 5032K, reserved 1048576K
}
Event: 11.111 GC heap before
{Heap before GC invocations=12 (full 2):
 PSYoungGen      total 121856K, used 7711K [0x00000000e0000000, 0x00000000e9600000, 0x0000000100000000)
  eden space 111616K, 0% used [0x00000000e0000000,0x00000000e0000000,0x00000000e6d00000)
  from space 10240K, 75% used [0x00000000e7780000,0x00000000e7f07de8,0x00000000e8180000)
  to   space 10752K, 0% used [0x00000000e6d00000,0x00000000e6d00000,0x00000000e7780000)
 ParOldGen       total 45568K, used 14321K [0x00000000a0000000, 0x00000000a2c80000, 0x00000000e0000000)
  object space 45568K, 31% used [0x00000000a0000000,0x00000000a0dfc668,0x00000000a2c80000)
 Metaspace       used 34662K, capacity 35396K, committed 35496K, reserved 1079296K
  class space    used 4778K, capacity 5002K, committed 5032K, reserved 1048576K
Event: 11.201 GC heap after
Heap after GC invocations=12 (full 2):
 PSYoungGen      total 121856K, used 0K [0x00000000e0000000, 0x00000000e9600000, 0x0000000100000000)
  eden space 111616K, 0% used [0x00000000e0000000,0x00000000e0000000,0x00000000e6d00000)
  from space 10240K, 0% used [0x00000000e7780000,0x00000000e7780000,0x00000000e8180000)
  to   space 10752K, 0% used [0x00000000e6d00000,0x00000000e6d00000,0x00000000e7780000)
 ParOldGen       total 70144K, used 17053K [0x00000000a0000000, 0x00000000a4480000, 0x00000000e0000000)
  object space 70144K, 24% used [0x00000000a0000000,0x00000000a10a75c8,0x00000000a4480000)
 Metaspace       used 34662K, capacity 35396K, committed 35496K, reserved 1079296K
  class space    used 4778K, capacity 5002K, committed 5032K, reserved 1048576K
}
Event: 14.192 GC heap before
{Heap before GC invocations=13 (full 2):
 PSYoungGen      total 121856K, used 111616K [0x00000000e0000000, 0x00000000e9600000, 0x0000000100000000)
  eden space 111616K, 100% used [0x00000000e0000000,0x00000000e6d00000,0x00000000e6d00000)
  from space 10240K, 0% used [0x00000000e7780000,0x00000000e7780000,0x00000000e8180000)
  to   space 10752K, 0% used [0x00000000e6d00000,0x00000000e6d00000,0x00000000e7780000)
 ParOldGen       total 70144K, used 17053K [0x00000000a0000000, 0x00000000a4480000, 0x00000000e0000000)
  object space 70144K, 24% used [0x00000000a0000000,0x00000000a10a75c8,0x00000000a4480000)
 Metaspace       used 44914K, capacity 45908K, committed 46120K, reserved 1089536K
  class space    used 6046K, capacity 6328K, committed 6440K, reserved 1048576K
Event: 14.232 GC heap after
Heap after GC invocations=13 (full 2):
 PSYoungGen      total 122368K, used 10721K [0x00000000e0000000, 0x00000000e9600000, 0x0000000100000000)
  eden space 111616K, 0% used [0x00000000e0000000,0x00000000e0000000,0x00000000e6d00000)
  from space 10752K, 99% used [0x00000000e6d00000,0x00000000e7778538,0x00000000e7780000)
  to   space 10240K, 0% used [0x00000000e7780000,0x00000000e7780000,0x00000000e8180000)
 ParOldGen       total 70144K, used 21228K [0x00000000a0000000, 0x00000000a4480000, 0x00000000e0000000)
  object space 70144K, 30% used [0x00000000a0000000,0x00000000a14bb098,0x00000000a4480000)
 Metaspace       used 44914K, capacity 45908K, committed 46120K, reserved 1089536K
  class space    used 6046K, capacity 6328K, committed 6440K, reserved 1048576K
}

