# JRE version: OpenJDK Runtime Environment (8.0_152-b01) (build 1.8.0_152-release-1343-b01)
# Java VM: OpenJDK 64-Bit Server VM (25.152-b01 mixed mode windows-amd64 compressed oops)
Heap:
 PSYoungGen      total 159744K, used 68814K [0x00000000e0000000, 0x00000000eb480000, 0x0000000100000000)
  eden space 144896K, 42% used [0x00000000e0000000,0x00000000e3ca7ee0,0x00000000e8d80000)
  from space 14848K, 45% used [0x00000000ea600000,0x00000000eac8bae8,0x00000000eb480000)
  to   space 19968K, 0% used [0x00000000e8d80000,0x00000000e8d80000,0x00000000ea100000)
 ParOldGen       total 108032K, used 53910K [0x00000000a0000000, 0x00000000a6980000, 0x00000000e0000000)
  object space 108032K, 49% used [0x00000000a0000000,0x00000000a34a5908,0x00000000a6980000)
 Metaspace       used 74783K, capacity 78530K, committed 78744K, reserved 1118208K
  class space    used 9804K, capacity 10565K, committed 10664K, reserved 1048576K
GC Heap History (10 events):
Event: 866.546 GC heap before
{Heap before GC invocations=19 (full 3):
 PSYoungGen      total 185344K, used 185320K [0x00000000e0000000, 0x00000000ed800000, 0x0000000100000000)
  eden space 171008K, 100% used [0x00000000e0000000,0x00000000ea700000,0x00000000ea700000)
  from space 14336K, 99% used [0x00000000ea700000,0x00000000eb4fa060,0x00000000eb500000)
  to   space 17920K, 0% used [0x00000000ec680000,0x00000000ec680000,0x00000000ed800000)
 ParOldGen       total 108032K, used 33459K [0x00000000a0000000, 0x00000000a6980000, 0x00000000e0000000)
  object space 108032K, 30% used [0x00000000a0000000,0x00000000a20acc28,0x00000000a6980000)
 Metaspace       used 70051K, capacity 72696K, committed 72856K, reserved 1112064K
  class space    used 9235K, capacity 9799K, committed 9896K, reserved 1048576K
Event: 866.710 GC heap after
Heap after GC invocations=19 (full 3):
 PSYoungGen      total 183296K, used 17898K [0x00000000e0000000, 0x00000000ed800000, 0x0000000100000000)
  eden space 165376K, 0% used [0x00000000e0000000,0x00000000e0000000,0x00000000ea180000)
  from space 17920K, 99% used [0x00000000ec680000,0x00000000ed7fa968,0x00000000ed800000)
  to   space 20992K, 0% used [0x00000000eaf00000,0x00000000eaf00000,0x00000000ec380000)
 ParOldGen       total 108032K, used 36281K [0x00000000a0000000, 0x00000000a6980000, 0x00000000e0000000)
  object space 108032K, 33% used [0x00000000a0000000,0x00000000a236e560,0x00000000a6980000)
 Metaspace       used 70051K, capacity 72696K, committed 72856K, reserved 1112064K
  class space    used 9235K, capacity 9799K, committed 9896K, reserved 1048576K
}
Event: 1403.088 GC heap before
{Heap before GC invocations=20 (full 3):
 PSYoungGen      total 183296K, used 183274K [0x00000000e0000000, 0x00000000ed800000, 0x0000000100000000)
  eden space 165376K, 100% used [0x00000000e0000000,0x00000000ea180000,0x00000000ea180000)
  from space 17920K, 99% used [0x00000000ec680000,0x00000000ed7fa968,0x00000000ed800000)
  to   space 20992K, 0% used [0x00000000eaf00000,0x00000000eaf00000,0x00000000ec380000)
 ParOldGen       total 108032K, used 36281K [0x00000000a0000000, 0x00000000a6980000, 0x00000000e0000000)
  object space 108032K, 33% used [0x00000000a0000000,0x00000000a236e560,0x00000000a6980000)
 Metaspace       used 70512K, capacity 73244K, committed 73368K, reserved 1112064K
  class space    used 9251K, capacity 9825K, committed 9896K, reserved 1048576K
Event: 1403.145 GC heap after
Heap after GC invocations=20 (full 3):
 PSYoungGen      total 170496K, used 10300K [0x00000000e0000000, 0x00000000ec700000, 0x0000000100000000)
  eden space 159744K, 0% used [0x00000000e0000000,0x00000000e0000000,0x00000000e9c00000)
  from space 10752K, 95% used [0x00000000eaf00000,0x00000000eb90f218,0x00000000eb980000)
  to   space 13824K, 0% used [0x00000000eb980000,0x00000000eb980000,0x00000000ec700000)
 ParOldGen       total 108032K, used 48819K [0x00000000a0000000, 0x00000000a6980000, 0x00000000e0000000)
  object space 108032K, 45% used [0x00000000a0000000,0x00000000a2face28,0x00000000a6980000)
 Metaspace       used 70512K, capacity 73244K, committed 73368K, reserved 1112064K
  class space    used 9251K, capacity 9825K, committed 9896K, reserved 1048576K
}
Event: 1596.556 GC heap before
{Heap before GC invocations=21 (full 3):
 PSYoungGen      total 170496K, used 170044K [0x00000000e0000000, 0x00000000ec700000, 0x0000000100000000)
  eden space 159744K, 100% used [0x00000000e0000000,0x00000000e9c00000,0x00000000e9c00000)
  from space 10752K, 95% used [0x00000000eaf00000,0x00000000eb90f218,0x00000000eb980000)
  to   space 13824K, 0% used [0x00000000eb980000,0x00000000eb980000,0x00000000ec700000)
 ParOldGen       total 108032K, used 48847K [0x00000000a0000000, 0x00000000a6980000, 0x00000000e0000000)
  object space 108032K, 45% used [0x00000000a0000000,0x00000000a2fb3e48,0x00000000a6980000)
 Metaspace       used 70800K, capacity 73576K, committed 73880K, reserved 1114112K
  class space    used 9259K, capacity 9837K, committed 9896K, reserved 1048576K
Event: 1596.612 GC heap after
Heap after GC invocations=21 (full 3):
 PSYoungGen      total 168448K, used 13813K [0x00000000e0000000, 0x00000000ec700000, 0x0000000100000000)
  eden space 154624K, 0% used [0x00000000e0000000,0x00000000e0000000,0x00000000e9700000)
  from space 13824K, 99% used [0x00000000eb980000,0x00000000ec6fd7b0,0x00000000ec700000)
  to   space 20992K, 0% used [0x00000000e9e00000,0x00000000e9e00000,0x00000000eb280000)
 ParOldGen       total 108032K, used 49263K [0x00000000a0000000, 0x00000000a6980000, 0x00000000e0000000)
  object space 108032K, 45% used [0x00000000a0000000,0x00000000a301bee8,0x00000000a6980000)
 Metaspace       used 70800K, capacity 73576K, committed 73880K, reserved 1114112K
  class space    used 9259K, capacity 9837K, committed 9896K, reserved 1048576K
}
Event: 1870.721 GC heap before
{Heap before GC invocations=22 (full 3):
 PSYoungGen      total 168448K, used 168437K [0x00000000e0000000, 0x00000000ec700000, 0x0000000100000000)
  eden space 154624K, 100% used [0x00000000e0000000,0x00000000e9700000,0x00000000e9700000)
  from space 13824K, 99% used [0x00000000eb980000,0x00000000ec6fd7b0,0x00000000ec700000)
  to   space 20992K, 0% used [0x00000000e9e00000,0x00000000e9e00000,0x00000000eb280000)
 ParOldGen       total 108032K, used 49265K [0x00000000a0000000, 0x00000000a6980000, 0x00000000e0000000)
  object space 108032K, 45% used [0x00000000a0000000,0x00000000a301c7a8,0x00000000a6980000)
 Metaspace       used 71437K, capacity 74422K, committed 74520K, reserved 1114112K
  class space    used 9318K, capacity 9950K, committed 10024K, reserved 1048576K
Event: 1870.748 GC heap after
Heap after GC invocations=22 (full 3):
 PSYoungGen      total 154624K, used 4896K [0x00000000e0000000, 0x00000000eba00000, 0x0000000100000000)
  eden space 149504K, 0% used [0x00000000e0000000,0x00000000e0000000,0x00000000e9200000)
  from space 5120K, 95% used [0x00000000e9e00000,0x00000000ea2c8010,0x00000000ea300000)
  to   space 20480K, 0% used [0x00000000ea600000,0x00000000ea600000,0x00000000eba00000)
 ParOldGen       total 108032K, used 53902K [0x00000000a0000000, 0x00000000a6980000, 0x00000000e0000000)
  object space 108032K, 49% used [0x00000000a0000000,0x00000000a34a3908,0x00000000a6980000)
 Metaspace       used 71437K, capacity 74422K, committed 74520K, reserved 1114112K
  class space    used 9318K, capacity 9950K, committed 10024K, reserved 1048576K
}
Event: 2688.058 GC heap before
{Heap before GC invocations=23 (full 3):
 PSYoungGen      total 154624K, used 154400K [0x00000000e0000000, 0x00000000eba00000, 0x0000000100000000)
  eden space 149504K, 100% used [0x00000000e0000000,0x00000000e9200000,0x00000000e9200000)
  from space 5120K, 95% used [0x00000000e9e00000,0x00000000ea2c8010,0x00000000ea300000)
  to   space 20480K, 0% used [0x00000000ea600000,0x00000000ea600000,0x00000000eba00000)
 ParOldGen       total 108032K, used 53902K [0x00000000a0000000, 0x00000000a6980000, 0x00000000e0000000)
  object space 108032K, 49% used [0x00000000a0000000,0x00000000a34a3908,0x00000000a6980000)
 Metaspace       used 73424K, capacity 76736K, committed 76952K, reserved 1116160K
  class space    used 9620K, capacity 10324K, committed 10408K, reserved 1048576K
Event: 2688.133 GC heap after
Heap after GC invocations=23 (full 3):
 PSYoungGen      total 159744K, used 6702K [0x00000000e0000000, 0x00000000eb480000, 0x0000000100000000)
  eden space 144896K, 0% used [0x00000000e0000000,0x00000000e0000000,0x00000000e8d80000)
  from space 14848K, 45% used [0x00000000ea600000,0x00000000eac8bae8,0x00000000eb480000)
  to   space 19968K, 0% used [0x00000000e8d80000,0x00000000e8d80000,0x00000000ea100000)
 ParOldGen       total 108032K, used 53910K [0x00000000a0000000, 0x00000000a6980000, 0x00000000e0000000)
  object space 108032K, 49% used [0x00000000a0000000,0x00000000a34a5908,0x00000000a6980000)
 Metaspace       used 73424K, capacity 76736K, committed 76952K, reserved 1116160K
  class space    used 9620K, capacity 10324K, committed 10408K, reserved 1048576K
}

