# JRE version: OpenJDK Runtime Environment (8.0_152-b01) (build 1.8.0_152-release-1343-b01)
# Java VM: OpenJDK 64-Bit Server VM (25.152-b01 mixed mode windows-amd64 compressed oops)
Heap:
 PSYoungGen      total 158208K, used 3320K [0x00000000e0000000, 0x00000000ea900000, 0x0000000100000000)
  eden space 143872K, 0% used [0x00000000e0000000,0x00000000e0000000,0x00000000e8c80000)
  from space 14336K, 23% used [0x00000000e8c80000,0x00000000e8fbe058,0x00000000e9a80000)
  to   space 13312K, 0% used [0x00000000e9a80000,0x00000000e9a80000,0x00000000ea780000)
 ParOldGen       total 71680K, used 32564K [0x00000000a0000000, 0x00000000a4600000, 0x00000000e0000000)
  object space 71680K, 45% used [0x00000000a0000000,0x00000000a1fcd328,0x00000000a4600000)
 Metaspace       used 57510K, capacity 59044K, committed 59160K, reserved 1099776K
  class space    used 7743K, capacity 8150K, committed 8232K, reserved 1048576K
GC Heap History (10 events):
Event: 11.686 GC heap after
Heap after GC invocations=11 (full 1):
 PSYoungGen      total 120832K, used 7672K [0x00000000e0000000, 0x00000000e9400000, 0x0000000100000000)
  eden space 110592K, 0% used [0x00000000e0000000,0x00000000e0000000,0x00000000e6c00000)
  from space 10240K, 74% used [0x00000000e7600000,0x00000000e7d7e308,0x00000000e8000000)
  to   space 10240K, 0% used [0x00000000e6c00000,0x00000000e6c00000,0x00000000e7600000)
 ParOldGen       total 46080K, used 14297K [0x00000000a0000000, 0x00000000a2d00000, 0x00000000e0000000)
  object space 46080K, 31% used [0x00000000a0000000,0x00000000a0df6438,0x00000000a2d00000)
 Metaspace       used 34677K, capacity 35394K, committed 35496K, reserved 1079296K
  class space    used 4779K, capacity 5003K, committed 5032K, reserved 1048576K
}
Event: 11.687 GC heap before
{Heap before GC invocations=12 (full 2):
 PSYoungGen      total 120832K, used 7672K [0x00000000e0000000, 0x00000000e9400000, 0x0000000100000000)
  eden space 110592K, 0% used [0x00000000e0000000,0x00000000e0000000,0x00000000e6c00000)
  from space 10240K, 74% used [0x00000000e7600000,0x00000000e7d7e308,0x00000000e8000000)
  to   space 10240K, 0% used [0x00000000e6c00000,0x00000000e6c00000,0x00000000e7600000)
 ParOldGen       total 46080K, used 14297K [0x00000000a0000000, 0x00000000a2d00000, 0x00000000e0000000)
  object space 46080K, 31% used [0x00000000a0000000,0x00000000a0df6438,0x00000000a2d00000)
 Metaspace       used 34677K, capacity 35394K, committed 35496K, reserved 1079296K
  class space    used 4779K, capacity 5003K, committed 5032K, reserved 1048576K
Event: 11.798 GC heap after
Heap after GC invocations=12 (full 2):
 PSYoungGen      total 120832K, used 0K [0x00000000e0000000, 0x00000000e9400000, 0x0000000100000000)
  eden space 110592K, 0% used [0x00000000e0000000,0x00000000e0000000,0x00000000e6c00000)
  from space 10240K, 0% used [0x00000000e7600000,0x00000000e7600000,0x00000000e8000000)
  to   space 10240K, 0% used [0x00000000e6c00000,0x00000000e6c00000,0x00000000e7600000)
 ParOldGen       total 71680K, used 17099K [0x00000000a0000000, 0x00000000a4600000, 0x00000000e0000000)
  object space 71680K, 23% used [0x00000000a0000000,0x00000000a10b2c90,0x00000000a4600000)
 Metaspace       used 34673K, capacity 35382K, committed 35496K, reserved 1079296K
  class space    used 4777K, capacity 5001K, committed 5032K, reserved 1048576K
}
Event: 14.322 GC heap before
{Heap before GC invocations=13 (full 2):
 PSYoungGen      total 120832K, used 110592K [0x00000000e0000000, 0x00000000e9400000, 0x0000000100000000)
  eden space 110592K, 100% used [0x00000000e0000000,0x00000000e6c00000,0x00000000e6c00000)
  from space 10240K, 0% used [0x00000000e7600000,0x00000000e7600000,0x00000000e8000000)
  to   space 10240K, 0% used [0x00000000e6c00000,0x00000000e6c00000,0x00000000e7600000)
 ParOldGen       total 71680K, used 17099K [0x00000000a0000000, 0x00000000a4600000, 0x00000000e0000000)
  object space 71680K, 23% used [0x00000000a0000000,0x00000000a10b2c90,0x00000000a4600000)
 Metaspace       used 44684K, capacity 45658K, committed 45992K, reserved 1089536K
  class space    used 6006K, capacity 6293K, committed 6312K, reserved 1048576K
Event: 14.367 GC heap after
Heap after GC invocations=13 (full 2):
 PSYoungGen      total 120832K, used 10214K [0x00000000e0000000, 0x00000000ea780000, 0x0000000100000000)
  eden space 110592K, 0% used [0x00000000e0000000,0x00000000e0000000,0x00000000e6c00000)
  from space 10240K, 99% used [0x00000000e6c00000,0x00000000e75f9970,0x00000000e7600000)
  to   space 13312K, 0% used [0x00000000e9a80000,0x00000000e9a80000,0x00000000ea780000)
 ParOldGen       total 71680K, used 21419K [0x00000000a0000000, 0x00000000a4600000, 0x00000000e0000000)
  object space 71680K, 29% used [0x00000000a0000000,0x00000000a14eae88,0x00000000a4600000)
 Metaspace       used 44684K, capacity 45658K, committed 45992K, reserved 1089536K
  class space    used 6006K, capacity 6293K, committed 6312K, reserved 1048576K
}
Event: 16.949 GC heap before
{Heap before GC invocations=14 (full 2):
 PSYoungGen      total 120832K, used 120806K [0x00000000e0000000, 0x00000000ea780000, 0x0000000100000000)
  eden space 110592K, 100% used [0x00000000e0000000,0x00000000e6c00000,0x00000000e6c00000)
  from space 10240K, 99% used [0x00000000e6c00000,0x00000000e75f9970,0x00000000e7600000)
  to   space 13312K, 0% used [0x00000000e9a80000,0x00000000e9a80000,0x00000000ea780000)
 ParOldGen       total 71680K, used 21419K [0x00000000a0000000, 0x00000000a4600000, 0x00000000e0000000)
  object space 71680K, 29% used [0x00000000a0000000,0x00000000a14eae88,0x00000000a4600000)
 Metaspace       used 55211K, capacity 56612K, committed 56744K, reserved 1097728K
  class space    used 7398K, capacity 7774K, committed 7848K, reserved 1048576K
Event: 16.989 GC heap after
Heap after GC invocations=14 (full 2):
 PSYoungGen      total 157184K, used 11143K [0x00000000e0000000, 0x00000000ea900000, 0x0000000100000000)
  eden space 143872K, 0% used [0x00000000e0000000,0x00000000e0000000,0x00000000e8c80000)
  from space 13312K, 83% used [0x00000000e9a80000,0x00000000ea561c48,0x00000000ea780000)
  to   space 14336K, 0% used [0x00000000e8c80000,0x00000000e8c80000,0x00000000e9a80000)
 ParOldGen       total 71680K, used 29051K [0x00000000a0000000, 0x00000000a4600000, 0x00000000e0000000)
  object space 71680K, 40% used [0x00000000a0000000,0x00000000a1c5ef10,0x00000000a4600000)
 Metaspace       used 55211K, capacity 56612K, committed 56744K, reserved 1097728K
  class space    used 7398K, capacity 7774K, committed 7848K, reserved 1048576K
}
Event: 17.891 GC heap before
{Heap before GC invocations=15 (full 2):
 PSYoungGen      total 157184K, used 38448K [0x00000000e0000000, 0x00000000ea900000, 0x0000000100000000)
  eden space 143872K, 18% used [0x00000000e0000000,0x00000000e1aaa438,0x00000000e8c80000)
  from space 13312K, 83% used [0x00000000e9a80000,0x00000000ea561c48,0x00000000ea780000)
  to   space 14336K, 0% used [0x00000000e8c80000,0x00000000e8c80000,0x00000000e9a80000)
 ParOldGen       total 71680K, used 29051K [0x00000000a0000000, 0x00000000a4600000, 0x00000000e0000000)
  object space 71680K, 40% used [0x00000000a0000000,0x00000000a1c5ef10,0x00000000a4600000)
 Metaspace       used 57510K, capacity 59044K, committed 59160K, reserved 1099776K
  class space    used 7743K, capacity 8150K, committed 8232K, reserved 1048576K
Event: 17.914 GC heap after
Heap after GC invocations=15 (full 2):
 PSYoungGen      total 158208K, used 3320K [0x00000000e0000000, 0x00000000ea900000, 0x0000000100000000)
  eden space 143872K, 0% used [0x00000000e0000000,0x00000000e0000000,0x00000000e8c80000)
  from space 14336K, 23% used [0x00000000e8c80000,0x00000000e8fbe058,0x00000000e9a80000)
  to   space 13312K, 0% used [0x00000000e9a80000,0x00000000e9a80000,0x00000000ea780000)
 ParOldGen       total 71680K, used 32564K [0x00000000a0000000, 0x00000000a4600000, 0x00000000e0000000)
  object space 71680K, 45% used [0x00000000a0000000,0x00000000a1fcd328,0x00000000a4600000)
 Metaspace       used 57510K, capacity 59044K, committed 59160K, reserved 1099776K
  class space    used 7743K, capacity 8150K, committed 8232K, reserved 1048576K
}
Event: 17.914 GC heap before
{Heap before GC invocations=16 (full 3):
 PSYoungGen      total 158208K, used 3320K [0x00000000e0000000, 0x00000000ea900000, 0x0000000100000000)
  eden space 143872K, 0% used [0x00000000e0000000,0x00000000e0000000,0x00000000e8c80000)
  from space 14336K, 23% used [0x00000000e8c80000,0x00000000e8fbe058,0x00000000e9a80000)
  to   space 13312K, 0% used [0x00000000e9a80000,0x00000000e9a80000,0x00000000ea780000)
 ParOldGen       total 71680K, used 32564K [0x00000000a0000000, 0x00000000a4600000, 0x00000000e0000000)
  object space 71680K, 45% used [0x00000000a0000000,0x00000000a1fcd328,0x00000000a4600000)
 Metaspace       used 57510K, capacity 59044K, committed 59160K, reserved 1099776K
  class space    used 7743K, capacity 8150K, committed 8232K, reserved 1048576K

