# JRE version: OpenJDK Runtime Environment (8.0_152-b01) (build 1.8.0_152-release-1343-b01)
# Java VM: OpenJDK 64-Bit Server VM (25.152-b01 mixed mode windows-amd64 compressed oops)
Heap:
 PSYoungGen      total 161792K, used 18782K [0x00000000e0000000, 0x00000000ead00000, 0x0000000100000000)
  eden space 148480K, 4% used [0x00000000e0000000,0x00000000e070b988,0x00000000e9100000)
  from space 13312K, 86% used [0x00000000e9f00000,0x00000000eaa4c080,0x00000000eac00000)
  to   space 14336K, 0% used [0x00000000e9100000,0x00000000e9100000,0x00000000e9f00000)
 ParOldGen       total 68096K, used 29417K [0x00000000a0000000, 0x00000000a4280000, 0x00000000e0000000)
  object space 68096K, 43% used [0x00000000a0000000,0x00000000a1cba5e8,0x00000000a4280000)
 Metaspace       used 56769K, capacity 58200K, committed 58280K, reserved 1099776K
  class space    used 7632K, capacity 8058K, committed 8104K, reserved 1048576K
GC Heap History (10 events):
Event: 16.945 GC heap before
{Heap before GC invocations=10 (full 1):
 PSYoungGen      total 87552K, used 87551K [0x00000000e0000000, 0x00000000e6d00000, 0x0000000100000000)
  eden space 81920K, 100% used [0x00000000e0000000,0x00000000e5000000,0x00000000e5000000)
  from space 5632K, 99% used [0x00000000e6780000,0x00000000e6cffcf0,0x00000000e6d00000)
  to   space 8192K, 0% used [0x00000000e5d00000,0x00000000e5d00000,0x00000000e6500000)
 ParOldGen       total 44544K, used 9213K [0x00000000a0000000, 0x00000000a2b80000, 0x00000000e0000000)
  object space 44544K, 20% used [0x00000000a0000000,0x00000000a08ff6c8,0x00000000a2b80000)
 Metaspace       used 32417K, capacity 32972K, committed 33152K, reserved 1077248K
  class space    used 4463K, capacity 4678K, committed 4736K, reserved 1048576K
Event: 17.003 GC heap after
Heap after GC invocations=10 (full 1):
 PSYoungGen      total 103424K, used 8162K [0x00000000e0000000, 0x00000000e8500000, 0x0000000100000000)
  eden space 95232K, 0% used [0x00000000e0000000,0x00000000e0000000,0x00000000e5d00000)
  from space 8192K, 99% used [0x00000000e5d00000,0x00000000e64f89e0,0x00000000e6500000)
  to   space 10240K, 0% used [0x00000000e7b00000,0x00000000e7b00000,0x00000000e8500000)
 ParOldGen       total 44544K, used 11887K [0x00000000a0000000, 0x00000000a2b80000, 0x00000000e0000000)
  object space 44544K, 26% used [0x00000000a0000000,0x00000000a0b9bd00,0x00000000a2b80000)
 Metaspace       used 32417K, capacity 32972K, committed 33152K, reserved 1077248K
  class space    used 4463K, capacity 4678K, committed 4736K, reserved 1048576K
}
Event: 20.591 GC heap before
{Heap before GC invocations=11 (full 1):
 PSYoungGen      total 103424K, used 57489K [0x00000000e0000000, 0x00000000e8500000, 0x0000000100000000)
  eden space 95232K, 51% used [0x00000000e0000000,0x00000000e302bdf8,0x00000000e5d00000)
  from space 8192K, 99% used [0x00000000e5d00000,0x00000000e64f89e0,0x00000000e6500000)
  to   space 10240K, 0% used [0x00000000e7b00000,0x00000000e7b00000,0x00000000e8500000)
 ParOldGen       total 44544K, used 11887K [0x00000000a0000000, 0x00000000a2b80000, 0x00000000e0000000)
  object space 44544K, 26% used [0x00000000a0000000,0x00000000a0b9bd00,0x00000000a2b80000)
 Metaspace       used 34713K, capacity 35392K, committed 35496K, reserved 1079296K
  class space    used 4785K, capacity 5002K, committed 5032K, reserved 1048576K
Event: 20.658 GC heap after
Heap after GC invocations=11 (full 1):
 PSYoungGen      total 125440K, used 7727K [0x00000000e0000000, 0x00000000e9900000, 0x0000000100000000)
  eden space 115200K, 0% used [0x00000000e0000000,0x00000000e0000000,0x00000000e7080000)
  from space 10240K, 75% used [0x00000000e7b00000,0x00000000e828bde8,0x00000000e8500000)
  to   space 10752K, 0% used [0x00000000e7080000,0x00000000e7080000,0x00000000e7b00000)
 ParOldGen       total 44544K, used 14460K [0x00000000a0000000, 0x00000000a2b80000, 0x00000000e0000000)
  object space 44544K, 32% used [0x00000000a0000000,0x00000000a0e1f168,0x00000000a2b80000)
 Metaspace       used 34713K, capacity 35392K, committed 35496K, reserved 1079296K
  class space    used 4785K, capacity 5002K, committed 5032K, reserved 1048576K
}
Event: 20.658 GC heap before
{Heap before GC invocations=12 (full 2):
 PSYoungGen      total 125440K, used 7727K [0x00000000e0000000, 0x00000000e9900000, 0x0000000100000000)
  eden space 115200K, 0% used [0x00000000e0000000,0x00000000e0000000,0x00000000e7080000)
  from space 10240K, 75% used [0x00000000e7b00000,0x00000000e828bde8,0x00000000e8500000)
  to   space 10752K, 0% used [0x00000000e7080000,0x00000000e7080000,0x00000000e7b00000)
 ParOldGen       total 44544K, used 14460K [0x00000000a0000000, 0x00000000a2b80000, 0x00000000e0000000)
  object space 44544K, 32% used [0x00000000a0000000,0x00000000a0e1f168,0x00000000a2b80000)
 Metaspace       used 34713K, capacity 35392K, committed 35496K, reserved 1079296K
  class space    used 4785K, capacity 5002K, committed 5032K, reserved 1048576K
Event: 20.852 GC heap after
Heap after GC invocations=12 (full 2):
 PSYoungGen      total 125440K, used 0K [0x00000000e0000000, 0x00000000e9900000, 0x0000000100000000)
  eden space 115200K, 0% used [0x00000000e0000000,0x00000000e0000000,0x00000000e7080000)
  from space 10240K, 0% used [0x00000000e7b00000,0x00000000e7b00000,0x00000000e8500000)
  to   space 10752K, 0% used [0x00000000e7080000,0x00000000e7080000,0x00000000e7b00000)
 ParOldGen       total 68096K, used 17051K [0x00000000a0000000, 0x00000000a4280000, 0x00000000e0000000)
  object space 68096K, 25% used [0x00000000a0000000,0x00000000a10a6ce8,0x00000000a4280000)
 Metaspace       used 34713K, capacity 35392K, committed 35496K, reserved 1079296K
  class space    used 4785K, capacity 5002K, committed 5032K, reserved 1048576K
}
Event: 26.687 GC heap before
{Heap before GC invocations=13 (full 2):
 PSYoungGen      total 125440K, used 115200K [0x00000000e0000000, 0x00000000e9900000, 0x0000000100000000)
  eden space 115200K, 100% used [0x00000000e0000000,0x00000000e7080000,0x00000000e7080000)
  from space 10240K, 0% used [0x00000000e7b00000,0x00000000e7b00000,0x00000000e8500000)
  to   space 10752K, 0% used [0x00000000e7080000,0x00000000e7080000,0x00000000e7b00000)
 ParOldGen       total 68096K, used 17051K [0x00000000a0000000, 0x00000000a4280000, 0x00000000e0000000)
  object space 68096K, 25% used [0x00000000a0000000,0x00000000a10a6ce8,0x00000000a4280000)
 Metaspace       used 45453K, capacity 46498K, committed 46760K, reserved 1089536K
  class space    used 6134K, capacity 6461K, committed 6568K, reserved 1048576K
Event: 26.723 GC heap after
Heap after GC invocations=13 (full 2):
 PSYoungGen      total 125952K, used 10721K [0x00000000e0000000, 0x00000000eac00000, 0x0000000100000000)
  eden space 115200K, 0% used [0x00000000e0000000,0x00000000e0000000,0x00000000e7080000)
  from space 10752K, 99% used [0x00000000e7080000,0x00000000e7af8530,0x00000000e7b00000)
  to   space 13312K, 0% used [0x00000000e9f00000,0x00000000e9f00000,0x00000000eac00000)
 ParOldGen       total 68096K, used 21643K [0x00000000a0000000, 0x00000000a4280000, 0x00000000e0000000)
  object space 68096K, 31% used [0x00000000a0000000,0x00000000a1522f90,0x00000000a4280000)
 Metaspace       used 45453K, capacity 46498K, committed 46760K, reserved 1089536K
  class space    used 6134K, capacity 6461K, committed 6568K, reserved 1048576K
}
Event: 32.681 GC heap before
{Heap before GC invocations=14 (full 2):
 PSYoungGen      total 125952K, used 125921K [0x00000000e0000000, 0x00000000eac00000, 0x0000000100000000)
  eden space 115200K, 100% used [0x00000000e0000000,0x00000000e7080000,0x00000000e7080000)
  from space 10752K, 99% used [0x00000000e7080000,0x00000000e7af8530,0x00000000e7b00000)
  to   space 13312K, 0% used [0x00000000e9f00000,0x00000000e9f00000,0x00000000eac00000)
 ParOldGen       total 68096K, used 21643K [0x00000000a0000000, 0x00000000a4280000, 0x00000000e0000000)
  object space 68096K, 31% used [0x00000000a0000000,0x00000000a1522f90,0x00000000a4280000)
 Metaspace       used 56109K, capacity 57444K, committed 57640K, reserved 1099776K
  class space    used 7521K, capacity 7878K, committed 7976K, reserved 1048576K
Event: 32.743 GC heap after
Heap after GC invocations=14 (full 2):
 PSYoungGen      total 161792K, used 11568K [0x00000000e0000000, 0x00000000ead00000, 0x0000000100000000)
  eden space 148480K, 0% used [0x00000000e0000000,0x00000000e0000000,0x00000000e9100000)
  from space 13312K, 86% used [0x00000000e9f00000,0x00000000eaa4c080,0x00000000eac00000)
  to   space 14336K, 0% used [0x00000000e9100000,0x00000000e9100000,0x00000000e9f00000)
 ParOldGen       total 68096K, used 29417K [0x00000000a0000000, 0x00000000a4280000, 0x00000000e0000000)
  object space 68096K, 43% used [0x00000000a0000000,0x00000000a1cba5e8,0x00000000a4280000)
 Metaspace       used 56109K, capacity 57444K, committed 57640K, reserved 1099776K
  class space    used 7521K, capacity 7878K, committed 7976K, reserved 1048576K
}

